<?xml version="1.0" encoding="UTF-8"?>
<testsuite xmlns:xsi="http://www.w3.org/2001/XMLSchema-instance" xsi:noNamespaceSchemaLocation="https://maven.apache.org/surefire/maven-surefire-plugin/xsd/surefire-test-report-3.0.xsd" version="3.0" name="testservices.OrganizationServiceTest" time="0.14" tests="1" errors="0" skipped="0" failures="0">
  <properties>
[...]
</properties>
  <testcase name="runTests" classname="testservices.OrganizationServiceTest" time="0.136">
    <system-out><![CDATA[Response from testAdd: {"id":4,"name":"new organization","address":"new address","departments":[],"employees":[]}
Response from testFindById: {"id":4,"name":"new organization","address":"new address","departments":[],"employees":[]}
Response from testFindAll: [{"id":1,"name":"Microsoft","address":"Redmond, Washington, USA","departments":[],"employees":[]},{"id":2,"name":"Oracle","address":"Redwood City, California, USA","departments":[{"id":3,"name":"Development","employees":[{"id":6,"name":"Kevin Price","age":38,"position":"Developer"},{"id":7,"name":"Ian Scott","age":34,"position":"Developer"},{"id":8,"name":"Andrew Campton","age":30,"position":"Manager"}]},{"id":4,"name":"Operations","employees":[{"id":9,"name":"Steve Franklin","age":25,"position":"Developer"},{"id":10,"name":"Elisabeth Smith","age":30,"position":"Developer"}]}],"employees":[{"id":6,"name":"Kevin Price","age":38,"position":"Developer"},{"id":7,"name":"Ian Scott","age":34,"position":"Developer"},{"id":8,"name":"Andrew Campton","age":30,"position":"Manager"},{"id":9,"name":"Steve Franklin","age":25,"position":"Developer"},{"id":10,"name":"Elisabeth Smith","age":30,"position":"Developer"}]},{"id":3,"name":"new organization","address":"new address","departments":[],"employees":[]},{"id":4,"name":"new organization","address":"new address","departments":[],"employees":[]}]
Response from findByIdWithDepartments: {"id":2,"name":"Oracle","address":"Redwood City, California, USA","departments":[{"id":3,"name":"Development","employees":[{"id":6,"name":"Kevin Price","age":38,"position":"Developer"},{"id":7,"name":"Ian Scott","age":34,"position":"Developer"},{"id":8,"name":"Andrew Campton","age":30,"position":"Manager"}]},{"id":4,"name":"Operations","employees":[{"id":9,"name":"Steve Franklin","age":25,"position":"Developer"},{"id":10,"name":"Elisabeth Smith","age":30,"position":"Developer"}]}],"employees":[{"id":6,"name":"Kevin Price","age":38,"position":"Developer"},{"id":7,"name":"Ian Scott","age":34,"position":"Developer"},{"id":8,"name":"Andrew Campton","age":30,"position":"Manager"},{"id":9,"name":"Steve Franklin","age":25,"position":"Developer"},{"id":10,"name":"Elisabeth Smith","age":30,"position":"Developer"}]}
Response from findByIdWithDepartmentsAndEmployees: {"id":2,"name":"Oracle","address":"Redwood City, California, USA","departments":[{"id":3,"name":"Development","employees":[{"id":6,"name":"Kevin Price","age":38,"position":"Developer"},{"id":7,"name":"Ian Scott","age":34,"position":"Developer"},{"id":8,"name":"Andrew Campton","age":30,"position":"Manager"}]},{"id":4,"name":"Operations","employees":[{"id":9,"name":"Steve Franklin","age":25,"position":"Developer"},{"id":10,"name":"Elisabeth Smith","age":30,"position":"Developer"}]}],"employees":[{"id":6,"name":"Kevin Price","age":38,"position":"Developer"},{"id":7,"name":"Ian Scott","age":34,"position":"Developer"},{"id":8,"name":"Andrew Campton","age":30,"position":"Manager"},{"id":9,"name":"Steve Franklin","age":25,"position":"Developer"},{"id":10,"name":"Elisabeth Smith","age":30,"position":"Developer"}]}
Response from findByIdWithEmployees: {"id":2,"name":"Oracle","address":"Redwood City, California, USA","departments":[{"id":3,"name":"Development","employees":[{"id":6,"name":"Kevin Price","age":38,"position":"Developer"},{"id":7,"name":"Ian Scott","age":34,"position":"Developer"},{"id":8,"name":"Andrew Campton","age":30,"position":"Manager"}]},{"id":4,"name":"Operations","employees":[{"id":9,"name":"Steve Franklin","age":25,"position":"Developer"},{"id":10,"name":"Elisabeth Smith","age":30,"position":"Developer"}]}],"employees":[{"id":6,"name":"Kevin Price","age":38,"position":"Developer"},{"id":7,"name":"Ian Scott","age":34,"position":"Developer"},{"id":8,"name":"Andrew Campton","age":30,"position":"Manager"},{"id":9,"name":"Steve Franklin","age":25,"position":"Developer"},{"id":10,"name":"Elisabeth Smith","age":30,"position":"Developer"}]}
]]></system-out>
  </testcase>
</testsuite>